c:\users\juane\desktop\sisao2015joan\2dgame\02-bubble\02-bubble\release\vc140.pdb
c:\users\juane\desktop\sisao2015joan\2dgame\02-bubble\02-bubble\release\scene4.obj
c:\users\juane\desktop\sisao2015joan\2dgame\02-bubble\02-bubble\release\scene3.obj
c:\users\juane\desktop\sisao2015joan\2dgame\02-bubble\02-bubble\release\scene2.obj
c:\users\juane\desktop\sisao2015joan\2dgame\02-bubble\02-bubble\release\scene.obj
c:\users\juane\desktop\sisao2015joan\2dgame\02-bubble\02-bubble\release\player2.obj
c:\users\juane\desktop\sisao2015joan\2dgame\02-bubble\02-bubble\release\player.obj
c:\users\juane\desktop\sisao2015joan\2dgame\02-bubble\02-bubble\release\palmera.obj
c:\users\juane\desktop\sisao2015joan\2dgame\02-bubble\02-bubble\release\menuinit.obj
c:\users\juane\desktop\sisao2015joan\2dgame\02-bubble\02-bubble\release\main.obj
c:\users\juane\desktop\sisao2015joan\2dgame\02-bubble\02-bubble\release\interruptor.obj
c:\users\juane\desktop\sisao2015joan\2dgame\02-bubble\02-bubble\release\game.obj
c:\users\juane\desktop\sisao2015joan\2dgame\02-bubble\02-bubble\release\explosio.obj
c:\users\juane\desktop\sisao2015joan\2dgame\02-bubble\02-bubble\release\enemic.obj
c:\users\juane\desktop\sisao2015joan\2dgame\02-bubble\02-bubble\release\caixainteractiva.obj
c:\users\juane\desktop\sisao2015joan\2dgame\02-bubble\02-bubble\release\caixa2.obj
c:\users\juane\desktop\sisao2015joan\2dgame\02-bubble\02-bubble\release\caixa.obj
c:\users\juane\desktop\sisao2015joan\2dgame\02-bubble\02-bubble\release\cactuspincho.obj
c:\users\juane\desktop\sisao2015joan\2dgame\02-bubble\02-bubble\release\cactus.obj
c:\users\juane\desktop\sisao2015joan\2dgame\02-bubble\02-bubble\release\barrera.obj
c:\users\juane\desktop\sisao2015joan\2dgame\02-bubble\02-bubble\release\bandera.obj
c:\users\juane\desktop\sisao2015joan\2dgame\02-bubble\02-bubble\release\tilemap.obj
c:\users\juane\desktop\sisao2015joan\2dgame\02-bubble\02-bubble\release\texture.obj
c:\users\juane\desktop\sisao2015joan\2dgame\02-bubble\02-bubble\release\textotuto.obj
c:\users\juane\desktop\sisao2015joan\2dgame\02-bubble\02-bubble\release\sprite.obj
c:\users\juane\desktop\sisao2015joan\2dgame\02-bubble\02-bubble\release\splash.obj
c:\users\juane\desktop\sisao2015joan\2dgame\02-bubble\02-bubble\release\sol.obj
c:\users\juane\desktop\sisao2015joan\2dgame\02-bubble\02-bubble\release\sisaoletter.obj
c:\users\juane\desktop\sisao2015joan\2dgame\02-bubble\02-bubble\release\shaderprogram.obj
c:\users\juane\desktop\sisao2015joan\2dgame\02-bubble\02-bubble\release\shader.obj
c:\users\juane\desktop\sisao2015joan\2dgame\02-bubble\02-bubble\release\scenetutorial.obj
c:\users\juane\desktop\sisao2015joan\2dgame\02-bubble\02-bubble\release\scenecredits.obj
c:\users\juane\desktop\sisao2015joan\2dgame\02-bubble\02-bubble\release\scene5.obj
c:\users\juane\desktop\sisao2015joan\2dgame\02-bubble\release\sisao.exe
c:\users\juane\desktop\sisao2015joan\2dgame\02-bubble\release\sisao.ipdb
c:\users\juane\desktop\sisao2015joan\2dgame\02-bubble\release\sisao.iobj
c:\users\juane\desktop\sisao2015joan\2dgame\02-bubble\release\sisao.pdb
c:\users\juane\desktop\sisao2015joan\2dgame\02-bubble\02-bubble\release\sisao.tlog\cl.command.1.tlog
c:\users\juane\desktop\sisao2015joan\2dgame\02-bubble\02-bubble\release\sisao.tlog\cl.read.1.tlog
c:\users\juane\desktop\sisao2015joan\2dgame\02-bubble\02-bubble\release\sisao.tlog\cl.write.1.tlog
c:\users\juane\desktop\sisao2015joan\2dgame\02-bubble\02-bubble\release\sisao.tlog\link.command.1.tlog
c:\users\juane\desktop\sisao2015joan\2dgame\02-bubble\02-bubble\release\sisao.tlog\link.read.1.tlog
c:\users\juane\desktop\sisao2015joan\2dgame\02-bubble\02-bubble\release\sisao.tlog\link.write.1.tlog
