c:\users\juane\desktop\sisaocode\2dgame\02-bubble\02-bubble\debug\vc140.pdb
c:\users\juane\desktop\sisaocode\2dgame\02-bubble\02-bubble\debug\vc140.idb
c:\users\juane\desktop\sisaocode\2dgame\02-bubble\02-bubble\debug\menuinit.obj
c:\users\juane\desktop\sisaocode\2dgame\02-bubble\02-bubble\debug\palmera.obj
c:\users\juane\desktop\sisaocode\2dgame\02-bubble\02-bubble\debug\player.obj
c:\users\juane\desktop\sisaocode\2dgame\02-bubble\02-bubble\debug\player2.obj
c:\users\juane\desktop\sisaocode\2dgame\02-bubble\02-bubble\debug\scene.obj
c:\users\juane\desktop\sisaocode\2dgame\02-bubble\02-bubble\debug\scene2.obj
c:\users\juane\desktop\sisaocode\2dgame\02-bubble\02-bubble\debug\scene3.obj
c:\users\juane\desktop\sisaocode\2dgame\02-bubble\02-bubble\debug\scene4.obj
c:\users\juane\desktop\sisaocode\2dgame\02-bubble\02-bubble\debug\scene5.obj
c:\users\juane\desktop\sisaocode\2dgame\02-bubble\02-bubble\debug\scenecredits.obj
c:\users\juane\desktop\sisaocode\2dgame\02-bubble\02-bubble\debug\scenetutorial.obj
c:\users\juane\desktop\sisaocode\2dgame\02-bubble\02-bubble\debug\shader.obj
c:\users\juane\desktop\sisaocode\2dgame\02-bubble\02-bubble\debug\shaderprogram.obj
c:\users\juane\desktop\sisaocode\2dgame\02-bubble\02-bubble\debug\sisaoletter.obj
c:\users\juane\desktop\sisaocode\2dgame\02-bubble\02-bubble\debug\sol.obj
c:\users\juane\desktop\sisaocode\2dgame\02-bubble\02-bubble\debug\splash.obj
c:\users\juane\desktop\sisaocode\2dgame\02-bubble\02-bubble\debug\sprite.obj
c:\users\juane\desktop\sisaocode\2dgame\02-bubble\02-bubble\debug\textotuto.obj
c:\users\juane\desktop\sisaocode\2dgame\02-bubble\02-bubble\debug\texture.obj
c:\users\juane\desktop\sisaocode\2dgame\02-bubble\02-bubble\debug\tilemap.obj
c:\users\juane\desktop\sisaocode\2dgame\02-bubble\02-bubble\debug\bandera.obj
c:\users\juane\desktop\sisaocode\2dgame\02-bubble\02-bubble\debug\barrera.obj
c:\users\juane\desktop\sisaocode\2dgame\02-bubble\02-bubble\debug\cactus.obj
c:\users\juane\desktop\sisaocode\2dgame\02-bubble\02-bubble\debug\cactuspincho.obj
c:\users\juane\desktop\sisaocode\2dgame\02-bubble\02-bubble\debug\caixa.obj
c:\users\juane\desktop\sisaocode\2dgame\02-bubble\02-bubble\debug\caixa2.obj
c:\users\juane\desktop\sisaocode\2dgame\02-bubble\02-bubble\debug\caixainteractiva.obj
c:\users\juane\desktop\sisaocode\2dgame\02-bubble\02-bubble\debug\enemic.obj
c:\users\juane\desktop\sisaocode\2dgame\02-bubble\02-bubble\debug\explosio.obj
c:\users\juane\desktop\sisaocode\2dgame\02-bubble\02-bubble\debug\game.obj
c:\users\juane\desktop\sisaocode\2dgame\02-bubble\02-bubble\debug\interruptor.obj
c:\users\juane\desktop\sisaocode\2dgame\02-bubble\02-bubble\debug\main.obj
c:\users\juane\desktop\joanhervas\sisaocode\2dgame\02-bubble\02-bubble\debug\vc140.pdb
c:\users\juane\desktop\joanhervas\sisaocode\2dgame\02-bubble\02-bubble\debug\vc140.idb
c:\users\juane\desktop\joanhervas\sisaocode\2dgame\02-bubble\02-bubble\debug\menuinit.obj
c:\users\juane\desktop\joanhervas\sisaocode\2dgame\02-bubble\02-bubble\debug\palmera.obj
c:\users\juane\desktop\joanhervas\sisaocode\2dgame\02-bubble\02-bubble\debug\player.obj
c:\users\juane\desktop\joanhervas\sisaocode\2dgame\02-bubble\02-bubble\debug\player2.obj
c:\users\juane\desktop\joanhervas\sisaocode\2dgame\02-bubble\02-bubble\debug\scene.obj
c:\users\juane\desktop\joanhervas\sisaocode\2dgame\02-bubble\02-bubble\debug\scene2.obj
c:\users\juane\desktop\joanhervas\sisaocode\2dgame\02-bubble\02-bubble\debug\scene3.obj
c:\users\juane\desktop\joanhervas\sisaocode\2dgame\02-bubble\02-bubble\debug\scene4.obj
c:\users\juane\desktop\joanhervas\sisaocode\2dgame\02-bubble\02-bubble\debug\scene5.obj
c:\users\juane\desktop\joanhervas\sisaocode\2dgame\02-bubble\02-bubble\debug\scenecredits.obj
c:\users\juane\desktop\joanhervas\sisaocode\2dgame\02-bubble\02-bubble\debug\scenetutorial.obj
c:\users\juane\desktop\joanhervas\sisaocode\2dgame\02-bubble\02-bubble\debug\shader.obj
c:\users\juane\desktop\joanhervas\sisaocode\2dgame\02-bubble\02-bubble\debug\shaderprogram.obj
c:\users\juane\desktop\joanhervas\sisaocode\2dgame\02-bubble\02-bubble\debug\sisaoletter.obj
c:\users\juane\desktop\joanhervas\sisaocode\2dgame\02-bubble\02-bubble\debug\sol.obj
c:\users\juane\desktop\joanhervas\sisaocode\2dgame\02-bubble\02-bubble\debug\splash.obj
c:\users\juane\desktop\joanhervas\sisaocode\2dgame\02-bubble\02-bubble\debug\sprite.obj
c:\users\juane\desktop\joanhervas\sisaocode\2dgame\02-bubble\02-bubble\debug\textotuto.obj
c:\users\juane\desktop\joanhervas\sisaocode\2dgame\02-bubble\02-bubble\debug\texture.obj
c:\users\juane\desktop\joanhervas\sisaocode\2dgame\02-bubble\02-bubble\debug\tilemap.obj
c:\users\juane\desktop\joanhervas\sisaocode\2dgame\02-bubble\02-bubble\debug\bandera.obj
c:\users\juane\desktop\joanhervas\sisaocode\2dgame\02-bubble\02-bubble\debug\barrera.obj
c:\users\juane\desktop\joanhervas\sisaocode\2dgame\02-bubble\02-bubble\debug\cactus.obj
c:\users\juane\desktop\joanhervas\sisaocode\2dgame\02-bubble\02-bubble\debug\cactuspincho.obj
c:\users\juane\desktop\joanhervas\sisaocode\2dgame\02-bubble\02-bubble\debug\caixa.obj
c:\users\juane\desktop\joanhervas\sisaocode\2dgame\02-bubble\02-bubble\debug\caixa2.obj
c:\users\juane\desktop\joanhervas\sisaocode\2dgame\02-bubble\02-bubble\debug\caixainteractiva.obj
c:\users\juane\desktop\joanhervas\sisaocode\2dgame\02-bubble\02-bubble\debug\enemic.obj
c:\users\juane\desktop\joanhervas\sisaocode\2dgame\02-bubble\02-bubble\debug\explosio.obj
c:\users\juane\desktop\joanhervas\sisaocode\2dgame\02-bubble\02-bubble\debug\game.obj
c:\users\juane\desktop\joanhervas\sisaocode\2dgame\02-bubble\02-bubble\debug\interruptor.obj
c:\users\juane\desktop\joanhervas\sisaocode\2dgame\02-bubble\02-bubble\debug\main.obj
c:\users\juane\desktop\sisaocode\2dgame\02-bubble\debug\02-bubble.ilk
c:\users\juane\desktop\sisaocode\2dgame\02-bubble\debug\02-bubble.exe
c:\users\juane\desktop\sisaocode\2dgame\02-bubble\debug\02-bubble.pdb
c:\users\juane\desktop\joanhervas\sisaocode\2dgame\02-bubble\debug\02-bubble.ilk
c:\users\juane\desktop\joanhervas\sisaocode\2dgame\02-bubble\debug\02-bubble.exe
c:\users\juane\desktop\joanhervas\sisaocode\2dgame\02-bubble\debug\02-bubble.pdb
c:\users\juane\desktop\joanhervas\sisaocode\2dgame\02-bubble\02-bubble\debug\02-bubble.tlog\cl.command.1.tlog
c:\users\juane\desktop\joanhervas\sisaocode\2dgame\02-bubble\02-bubble\debug\02-bubble.tlog\cl.read.1.tlog
c:\users\juane\desktop\joanhervas\sisaocode\2dgame\02-bubble\02-bubble\debug\02-bubble.tlog\cl.write.1.tlog
c:\users\juane\desktop\joanhervas\sisaocode\2dgame\02-bubble\02-bubble\debug\02-bubble.tlog\link.command.1.tlog
c:\users\juane\desktop\joanhervas\sisaocode\2dgame\02-bubble\02-bubble\debug\02-bubble.tlog\link.read.1.tlog
c:\users\juane\desktop\joanhervas\sisaocode\2dgame\02-bubble\02-bubble\debug\02-bubble.tlog\link.write.1.tlog
